================================================================================
JobID = 11141029
User = aicha.hajiali, Account = all
Partition = gpu, Nodelist = dge009
================================================================================
Traceback (most recent call last):
  File "/home/mpg08/aicha.hajiali/TLI_project/preprocessing/pipeline/scripts/general_pipeline_4D.py", line 1, in <module>
    start_time = timer()
NameError: name 'timer' is not defined
python died with exit status 1
============ Job Information ===================================================
Submitted: 2022-02-06T09:06:08
Started: 2022-02-06T09:06:14
Ended: 2022-02-06T09:06:24
Elapsed: 1 min, Limit: 2820 min, Difference: 2819 min
CPUs: 24, Nodes: 1
============= ProfiT-HPC =======================================================
To generate the ProfiT-HPC text report, run the following command
profit-hpc 11141029
================================================================================
